{"C:\\Users\\abass\\.vscode\\CSE416\\CodingtonProject\\server\\app.js": {"path":"C:\\Users\\abass\\.vscode\\CSE416\\CodingtonProject\\server\\app.js","statementMap":{"0":{"start":{"line":1,"column":16},"end":{"line":1,"column":34}},"1":{"start":{"line":2,"column":16},"end":{"line":2,"column":42}},"2":{"start":{"line":3,"column":17},"end":{"line":3,"column":36}},"3":{"start":{"line":4,"column":13},"end":{"line":4,"column":28}},"4":{"start":{"line":6,"column":0},"end":{"line":6,"column":27}},"5":{"start":{"line":7,"column":0},"end":{"line":7,"column":18}},"6":{"start":{"line":10,"column":0},"end":{"line":10,"column":25}},"7":{"start":{"line":11,"column":0},"end":{"line":11,"column":29}},"8":{"start":{"line":12,"column":0},"end":{"line":12,"column":31}},"9":{"start":{"line":13,"column":0},"end":{"line":13,"column":35}},"10":{"start":{"line":14,"column":0},"end":{"line":14,"column":26}},"11":{"start":{"line":15,"column":0},"end":{"line":15,"column":28}},"12":{"start":{"line":18,"column":12},"end":{"line":18,"column":21}},"13":{"start":{"line":20,"column":0},"end":{"line":20,"column":70}},"14":{"start":{"line":21,"column":0},"end":{"line":21,"column":115}},"15":{"start":{"line":22,"column":0},"end":{"line":22,"column":31}},"16":{"start":{"line":23,"column":0},"end":{"line":23,"column":28}},"17":{"start":{"line":24,"column":0},"end":{"line":24,"column":24}},"18":{"start":{"line":25,"column":0},"end":{"line":25,"column":48}},"19":{"start":{"line":28,"column":0},"end":{"line":28,"column":90}},"20":{"start":{"line":29,"column":0},"end":{"line":31,"column":3}},"21":{"start":{"line":30,"column":2},"end":{"line":30,"column":40}},"22":{"start":{"line":32,"column":0},"end":{"line":34,"column":3}},"23":{"start":{"line":33,"column":2},"end":{"line":33,"column":29}},"24":{"start":{"line":35,"column":0},"end":{"line":37,"column":3}},"25":{"start":{"line":36,"column":2},"end":{"line":36,"column":58}},"26":{"start":{"line":36,"column":19},"end":{"line":36,"column":56}},"27":{"start":{"line":40,"column":11},"end":{"line":40,"column":24}},"28":{"start":{"line":41,"column":13},"end":{"line":41,"column":28}},"29":{"start":{"line":43,"column":15},"end":{"line":43,"column":32}},"30":{"start":{"line":44,"column":13},"end":{"line":44,"column":31}},"31":{"start":{"line":47,"column":15},"end":{"line":47,"column":43}},"32":{"start":{"line":49,"column":0},"end":{"line":68,"column":3}},"33":{"start":{"line":50,"column":13},"end":{"line":50,"column":26}},"34":{"start":{"line":51,"column":19},"end":{"line":51,"column":32}},"35":{"start":{"line":53,"column":2},"end":{"line":67,"column":3}},"36":{"start":{"line":54,"column":24},"end":{"line":54,"column":57}},"37":{"start":{"line":55,"column":21},"end":{"line":55,"column":43}},"38":{"start":{"line":58,"column":23},"end":{"line":58,"column":71}},"39":{"start":{"line":59,"column":4},"end":{"line":59,"column":68}},"40":{"start":{"line":61,"column":4},"end":{"line":61,"column":74}},"41":{"start":{"line":63,"column":4},"end":{"line":63,"column":44}},"42":{"start":{"line":64,"column":4},"end":{"line":64,"column":69}},"43":{"start":{"line":66,"column":4},"end":{"line":66,"column":28}},"44":{"start":{"line":71,"column":0},"end":{"line":79,"column":3}},"45":{"start":{"line":72,"column":15},"end":{"line":72,"column":69}},"46":{"start":{"line":73,"column":2},"end":{"line":78,"column":3}},"47":{"start":{"line":74,"column":17},"end":{"line":74,"column":46}},"48":{"start":{"line":75,"column":4},"end":{"line":75,"column":31}},"49":{"start":{"line":77,"column":4},"end":{"line":77,"column":50}},"50":{"start":{"line":81,"column":0},"end":{"line":89,"column":3}},"51":{"start":{"line":82,"column":15},"end":{"line":82,"column":68}},"52":{"start":{"line":83,"column":2},"end":{"line":88,"column":3}},"53":{"start":{"line":84,"column":17},"end":{"line":84,"column":46}},"54":{"start":{"line":85,"column":4},"end":{"line":85,"column":31}},"55":{"start":{"line":87,"column":4},"end":{"line":87,"column":50}},"56":{"start":{"line":91,"column":0},"end":{"line":99,"column":3}},"57":{"start":{"line":92,"column":15},"end":{"line":92,"column":62}},"58":{"start":{"line":93,"column":2},"end":{"line":98,"column":3}},"59":{"start":{"line":94,"column":17},"end":{"line":94,"column":46}},"60":{"start":{"line":95,"column":4},"end":{"line":95,"column":31}},"61":{"start":{"line":97,"column":4},"end":{"line":97,"column":50}},"62":{"start":{"line":102,"column":23},"end":{"line":102,"column":51}},"63":{"start":{"line":103,"column":19},"end":{"line":103,"column":43}},"64":{"start":{"line":105,"column":0},"end":{"line":105,"column":42}},"65":{"start":{"line":106,"column":0},"end":{"line":106,"column":34}},"66":{"start":{"line":109,"column":0},"end":{"line":109,"column":21}}},"fnMap":{"0":{"name":"(anonymous_0)","decl":{"start":{"line":29,"column":92},"end":{"line":29,"column":93}},"loc":{"start":{"line":29,"column":106},"end":{"line":31,"column":1}},"line":29},"1":{"name":"(anonymous_1)","decl":{"start":{"line":32,"column":22},"end":{"line":32,"column":23}},"loc":{"start":{"line":32,"column":36},"end":{"line":34,"column":1}},"line":32},"2":{"name":"(anonymous_2)","decl":{"start":{"line":35,"column":24},"end":{"line":35,"column":25}},"loc":{"start":{"line":35,"column":38},"end":{"line":37,"column":1}},"line":35},"3":{"name":"(anonymous_3)","decl":{"start":{"line":36,"column":13},"end":{"line":36,"column":14}},"loc":{"start":{"line":36,"column":19},"end":{"line":36,"column":56}},"line":36},"4":{"name":"(anonymous_4)","decl":{"start":{"line":49,"column":66},"end":{"line":49,"column":67}},"loc":{"start":{"line":49,"column":80},"end":{"line":68,"column":1}},"line":49},"5":{"name":"(anonymous_5)","decl":{"start":{"line":71,"column":28},"end":{"line":71,"column":29}},"loc":{"start":{"line":71,"column":42},"end":{"line":79,"column":1}},"line":71},"6":{"name":"(anonymous_6)","decl":{"start":{"line":81,"column":31},"end":{"line":81,"column":32}},"loc":{"start":{"line":81,"column":45},"end":{"line":89,"column":1}},"line":81},"7":{"name":"(anonymous_7)","decl":{"start":{"line":91,"column":34},"end":{"line":91,"column":35}},"loc":{"start":{"line":91,"column":48},"end":{"line":99,"column":1}},"line":91}},"branchMap":{"0":{"loc":{"start":{"line":21,"column":26},"end":{"line":21,"column":69}},"type":"binary-expr","locations":[{"start":{"line":21,"column":26},"end":{"line":21,"column":52}},{"start":{"line":21,"column":56},"end":{"line":21,"column":69}}],"line":21},"1":{"loc":{"start":{"line":33,"column":11},"end":{"line":33,"column":27}},"type":"binary-expr","locations":[{"start":{"line":33,"column":11},"end":{"line":33,"column":19}},{"start":{"line":33,"column":23},"end":{"line":33,"column":27}}],"line":33}},"s":{"0":2,"1":2,"2":2,"3":2,"4":2,"5":2,"6":2,"7":2,"8":2,"9":2,"10":2,"11":2,"12":2,"13":2,"14":2,"15":2,"16":2,"17":2,"18":2,"19":2,"20":2,"21":0,"22":2,"23":1,"24":2,"25":1,"26":1,"27":2,"28":2,"29":2,"30":2,"31":2,"32":2,"33":0,"34":0,"35":0,"36":0,"37":0,"38":0,"39":0,"40":0,"41":0,"42":0,"43":0,"44":2,"45":1,"46":1,"47":1,"48":1,"49":0,"50":2,"51":1,"52":1,"53":1,"54":1,"55":0,"56":2,"57":1,"58":1,"59":1,"60":1,"61":0,"62":2,"63":2,"64":2,"65":2,"66":2},"f":{"0":0,"1":1,"2":1,"3":1,"4":0,"5":1,"6":1,"7":1},"b":{"0":[2,0],"1":[1,1]},"_coverageSchema":"1a1c01bbd47fc00a2c39e90264f33305004495a9","hash":"a99311b865af7ca498d7459257d846752683c5ca"}
,"C:\\Users\\abass\\.vscode\\CSE416\\CodingtonProject\\server\\auth.js": {"path":"C:\\Users\\abass\\.vscode\\CSE416\\CodingtonProject\\server\\auth.js","statementMap":{"0":{"start":{"line":1,"column":17},"end":{"line":1,"column":36}},"1":{"start":{"line":2,"column":23},"end":{"line":2,"column":66}},"2":{"start":{"line":3,"column":13},"end":{"line":3,"column":37}},"3":{"start":{"line":5,"column":0},"end":{"line":33,"column":4}},"4":{"start":{"line":11,"column":2},"end":{"line":32,"column":3}},"5":{"start":{"line":12,"column":18},"end":{"line":12,"column":41}},"6":{"start":{"line":15,"column":15},"end":{"line":15,"column":44}},"7":{"start":{"line":17,"column":4},"end":{"line":27,"column":5}},"8":{"start":{"line":19,"column":6},"end":{"line":26,"column":9}},"9":{"start":{"line":29,"column":4},"end":{"line":29,"column":21}},"10":{"start":{"line":31,"column":4},"end":{"line":31,"column":20}},"11":{"start":{"line":36,"column":0},"end":{"line":38,"column":3}},"12":{"start":{"line":37,"column":2},"end":{"line":37,"column":22}},"13":{"start":{"line":41,"column":0},"end":{"line":48,"column":3}},"14":{"start":{"line":42,"column":2},"end":{"line":47,"column":3}},"15":{"start":{"line":43,"column":17},"end":{"line":43,"column":40}},"16":{"start":{"line":44,"column":4},"end":{"line":44,"column":21}},"17":{"start":{"line":46,"column":4},"end":{"line":46,"column":20}}},"fnMap":{"0":{"name":"(anonymous_0)","decl":{"start":{"line":10,"column":0},"end":{"line":10,"column":1}},"loc":{"start":{"line":10,"column":52},"end":{"line":33,"column":1}},"line":10},"1":{"name":"(anonymous_1)","decl":{"start":{"line":36,"column":23},"end":{"line":36,"column":24}},"loc":{"start":{"line":36,"column":39},"end":{"line":38,"column":1}},"line":36},"2":{"name":"(anonymous_2)","decl":{"start":{"line":41,"column":25},"end":{"line":41,"column":26}},"loc":{"start":{"line":41,"column":45},"end":{"line":48,"column":1}},"line":41}},"branchMap":{"0":{"loc":{"start":{"line":17,"column":4},"end":{"line":27,"column":5}},"type":"if","locations":[{"start":{"line":17,"column":4},"end":{"line":27,"column":5}},{"start":{},"end":{}}],"line":17}},"s":{"0":2,"1":2,"2":2,"3":2,"4":0,"5":0,"6":0,"7":0,"8":0,"9":0,"10":0,"11":2,"12":0,"13":2,"14":0,"15":0,"16":0,"17":0},"f":{"0":0,"1":0,"2":0},"b":{"0":[0,0]},"_coverageSchema":"1a1c01bbd47fc00a2c39e90264f33305004495a9","hash":"fe2de011d8e423636a0fe05428ecc8284cc73136"}
,"C:\\Users\\abass\\.vscode\\CSE416\\CodingtonProject\\server\\models\\event.js": {"path":"C:\\Users\\abass\\.vscode\\CSE416\\CodingtonProject\\server\\models\\event.js","statementMap":{"0":{"start":{"line":1,"column":15},"end":{"line":1,"column":34}},"1":{"start":{"line":4,"column":18},"end":{"line":11,"column":2}},"2":{"start":{"line":13,"column":0},"end":{"line":15,"column":3}},"3":{"start":{"line":14,"column":4},"end":{"line":14,"column":20}},"4":{"start":{"line":17,"column":0},"end":{"line":17,"column":54}}},"fnMap":{"0":{"name":"(anonymous_0)","decl":{"start":{"line":13,"column":31},"end":{"line":13,"column":32}},"loc":{"start":{"line":13,"column":43},"end":{"line":15,"column":1}},"line":13}},"branchMap":{},"s":{"0":2,"1":2,"2":2,"3":0,"4":2},"f":{"0":0},"b":{},"_coverageSchema":"1a1c01bbd47fc00a2c39e90264f33305004495a9","hash":"60c340189e7a1dd97d331de0d80c49fbe5bf84f5"}
,"C:\\Users\\abass\\.vscode\\CSE416\\CodingtonProject\\server\\models\\expense.js": {"path":"C:\\Users\\abass\\.vscode\\CSE416\\CodingtonProject\\server\\models\\expense.js","statementMap":{"0":{"start":{"line":1,"column":15},"end":{"line":1,"column":34}},"1":{"start":{"line":2,"column":12},"end":{"line":2,"column":33}},"2":{"start":{"line":7,"column":20},"end":{"line":12,"column":2}},"3":{"start":{"line":14,"column":0},"end":{"line":16,"column":3}},"4":{"start":{"line":15,"column":4},"end":{"line":15,"column":20}},"5":{"start":{"line":19,"column":0},"end":{"line":19,"column":58}}},"fnMap":{"0":{"name":"(anonymous_0)","decl":{"start":{"line":14,"column":33},"end":{"line":14,"column":34}},"loc":{"start":{"line":14,"column":45},"end":{"line":16,"column":1}},"line":14}},"branchMap":{},"s":{"0":2,"1":2,"2":2,"3":2,"4":0,"5":2},"f":{"0":0},"b":{},"_coverageSchema":"1a1c01bbd47fc00a2c39e90264f33305004495a9","hash":"0582efa4ccf726db72804381c33320c269887cf7"}
,"C:\\Users\\abass\\.vscode\\CSE416\\CodingtonProject\\server\\models\\investment.js": {"path":"C:\\Users\\abass\\.vscode\\CSE416\\CodingtonProject\\server\\models\\investment.js","statementMap":{"0":{"start":{"line":1,"column":17},"end":{"line":1,"column":36}},"1":{"start":{"line":2,"column":23},"end":{"line":2,"column":50}},"2":{"start":{"line":5,"column":25},"end":{"line":10,"column":2}},"3":{"start":{"line":12,"column":0},"end":{"line":12,"column":64}}},"fnMap":{},"branchMap":{},"s":{"0":2,"1":2,"2":2,"3":2},"f":{},"b":{},"_coverageSchema":"1a1c01bbd47fc00a2c39e90264f33305004495a9","hash":"b9483df571b142f9c6f89f9c6a820a66bdd5bcc2"}
,"C:\\Users\\abass\\.vscode\\CSE416\\CodingtonProject\\server\\models\\investmentType.js": {"path":"C:\\Users\\abass\\.vscode\\CSE416\\CodingtonProject\\server\\models\\investmentType.js","statementMap":{"0":{"start":{"line":1,"column":17},"end":{"line":1,"column":36}},"1":{"start":{"line":4,"column":29},"end":{"line":11,"column":2}},"2":{"start":{"line":13,"column":0},"end":{"line":13,"column":72}}},"fnMap":{},"branchMap":{},"s":{"0":2,"1":2,"2":2},"f":{},"b":{},"_coverageSchema":"1a1c01bbd47fc00a2c39e90264f33305004495a9","hash":"919667675b3e8a52d57bdf6ab431f6085633867e"}
,"C:\\Users\\abass\\.vscode\\CSE416\\CodingtonProject\\server\\models\\scenario.js": {"path":"C:\\Users\\abass\\.vscode\\CSE416\\CodingtonProject\\server\\models\\scenario.js","statementMap":{"0":{"start":{"line":1,"column":17},"end":{"line":1,"column":36}},"1":{"start":{"line":5,"column":23},"end":{"line":27,"column":2}},"2":{"start":{"line":29,"column":0},"end":{"line":29,"column":60}}},"fnMap":{},"branchMap":{},"s":{"0":2,"1":2,"2":2},"f":{},"b":{},"_coverageSchema":"1a1c01bbd47fc00a2c39e90264f33305004495a9","hash":"ee17f722207a288bfa3977c88af47b4d1cad7b08"}
,"C:\\Users\\abass\\.vscode\\CSE416\\CodingtonProject\\server\\models\\user.js": {"path":"C:\\Users\\abass\\.vscode\\CSE416\\CodingtonProject\\server\\models\\user.js","statementMap":{"0":{"start":{"line":1,"column":17},"end":{"line":1,"column":36}},"1":{"start":{"line":3,"column":19},"end":{"line":28,"column":24}},"2":{"start":{"line":30,"column":0},"end":{"line":30,"column":52}}},"fnMap":{},"branchMap":{},"s":{"0":2,"1":2,"2":2},"f":{},"b":{},"_coverageSchema":"1a1c01bbd47fc00a2c39e90264f33305004495a9","hash":"d38c2d7553b6e388dfa12e805288aeca91780dbc"}
,"C:\\Users\\abass\\.vscode\\CSE416\\CodingtonProject\\server\\routes\\scenario.js": {"path":"C:\\Users\\abass\\.vscode\\CSE416\\CodingtonProject\\server\\routes\\scenario.js","statementMap":{"0":{"start":{"line":1,"column":16},"end":{"line":1,"column":34}},"1":{"start":{"line":2,"column":15},"end":{"line":2,"column":31}},"2":{"start":{"line":3,"column":17},"end":{"line":3,"column":46}},"3":{"start":{"line":4,"column":13},"end":{"line":4,"column":38}},"4":{"start":{"line":5,"column":0},"end":{"line":5,"column":32}},"5":{"start":{"line":6,"column":0},"end":{"line":6,"column":36}},"6":{"start":{"line":7,"column":0},"end":{"line":7,"column":27}},"7":{"start":{"line":8,"column":0},"end":{"line":8,"column":29}},"8":{"start":{"line":31,"column":0},"end":{"line":39,"column":5}},"9":{"start":{"line":32,"column":4},"end":{"line":38,"column":5}},"10":{"start":{"line":33,"column":26},"end":{"line":33,"column":48}},"11":{"start":{"line":34,"column":28},"end":{"line":34,"column":52}},"12":{"start":{"line":35,"column":6},"end":{"line":35,"column":42}},"13":{"start":{"line":37,"column":6},"end":{"line":37,"column":51}},"14":{"start":{"line":45,"column":0},"end":{"line":61,"column":3}},"15":{"start":{"line":46,"column":2},"end":{"line":60,"column":3}},"16":{"start":{"line":47,"column":21},"end":{"line":54,"column":31}},"17":{"start":{"line":56,"column":4},"end":{"line":56,"column":80}},"18":{"start":{"line":56,"column":19},"end":{"line":56,"column":80}},"19":{"start":{"line":57,"column":4},"end":{"line":57,"column":23}},"20":{"start":{"line":59,"column":4},"end":{"line":59,"column":49}},"21":{"start":{"line":67,"column":0},"end":{"line":75,"column":3}},"22":{"start":{"line":68,"column":2},"end":{"line":74,"column":3}},"23":{"start":{"line":69,"column":28},"end":{"line":69,"column":100}},"24":{"start":{"line":70,"column":4},"end":{"line":70,"column":87}},"25":{"start":{"line":70,"column":26},"end":{"line":70,"column":87}},"26":{"start":{"line":71,"column":4},"end":{"line":71,"column":30}},"27":{"start":{"line":73,"column":4},"end":{"line":73,"column":49}},"28":{"start":{"line":81,"column":0},"end":{"line":89,"column":3}},"29":{"start":{"line":82,"column":2},"end":{"line":88,"column":3}},"30":{"start":{"line":83,"column":28},"end":{"line":83,"column":75}},"31":{"start":{"line":84,"column":4},"end":{"line":84,"column":87}},"32":{"start":{"line":84,"column":26},"end":{"line":84,"column":87}},"33":{"start":{"line":85,"column":4},"end":{"line":85,"column":46}},"34":{"start":{"line":87,"column":4},"end":{"line":87,"column":49}},"35":{"start":{"line":95,"column":0},"end":{"line":102,"column":3}},"36":{"start":{"line":96,"column":2},"end":{"line":101,"column":3}},"37":{"start":{"line":97,"column":22},"end":{"line":97,"column":43}},"38":{"start":{"line":98,"column":4},"end":{"line":98,"column":24}},"39":{"start":{"line":100,"column":4},"end":{"line":100,"column":49}},"40":{"start":{"line":104,"column":0},"end":{"line":104,"column":24}}},"fnMap":{"0":{"name":"(anonymous_0)","decl":{"start":{"line":31,"column":17},"end":{"line":31,"column":18}},"loc":{"start":{"line":31,"column":37},"end":{"line":39,"column":3}},"line":31},"1":{"name":"(anonymous_1)","decl":{"start":{"line":45,"column":19},"end":{"line":45,"column":20}},"loc":{"start":{"line":45,"column":39},"end":{"line":61,"column":1}},"line":45},"2":{"name":"(anonymous_2)","decl":{"start":{"line":67,"column":19},"end":{"line":67,"column":20}},"loc":{"start":{"line":67,"column":39},"end":{"line":75,"column":1}},"line":67},"3":{"name":"(anonymous_3)","decl":{"start":{"line":81,"column":22},"end":{"line":81,"column":23}},"loc":{"start":{"line":81,"column":42},"end":{"line":89,"column":1}},"line":81},"4":{"name":"(anonymous_4)","decl":{"start":{"line":95,"column":16},"end":{"line":95,"column":17}},"loc":{"start":{"line":95,"column":36},"end":{"line":102,"column":1}},"line":95}},"branchMap":{"0":{"loc":{"start":{"line":56,"column":4},"end":{"line":56,"column":80}},"type":"if","locations":[{"start":{"line":56,"column":4},"end":{"line":56,"column":80}},{"start":{},"end":{}}],"line":56},"1":{"loc":{"start":{"line":70,"column":4},"end":{"line":70,"column":87}},"type":"if","locations":[{"start":{"line":70,"column":4},"end":{"line":70,"column":87}},{"start":{},"end":{}}],"line":70},"2":{"loc":{"start":{"line":84,"column":4},"end":{"line":84,"column":87}},"type":"if","locations":[{"start":{"line":84,"column":4},"end":{"line":84,"column":87}},{"start":{},"end":{}}],"line":84}},"s":{"0":2,"1":2,"2":2,"3":2,"4":2,"5":2,"6":2,"7":2,"8":2,"9":1,"10":1,"11":1,"12":1,"13":0,"14":2,"15":1,"16":1,"17":1,"18":0,"19":1,"20":0,"21":2,"22":1,"23":1,"24":1,"25":0,"26":1,"27":0,"28":2,"29":1,"30":1,"31":1,"32":0,"33":1,"34":0,"35":2,"36":0,"37":0,"38":0,"39":0,"40":2},"f":{"0":1,"1":1,"2":1,"3":1,"4":0},"b":{"0":[0,1],"1":[0,1],"2":[0,1]},"_coverageSchema":"1a1c01bbd47fc00a2c39e90264f33305004495a9","hash":"e7d9cb0cbafb2b4cc7e41dcb84dfbd6d6851128a"}
,"C:\\Users\\abass\\.vscode\\CSE416\\CodingtonProject\\server\\routes\\user.js": {"path":"C:\\Users\\abass\\.vscode\\CSE416\\CodingtonProject\\server\\routes\\user.js","statementMap":{"0":{"start":{"line":1,"column":16},"end":{"line":1,"column":34}},"1":{"start":{"line":2,"column":15},"end":{"line":2,"column":31}},"2":{"start":{"line":3,"column":13},"end":{"line":3,"column":38}},"3":{"start":{"line":4,"column":17},"end":{"line":4,"column":46}},"4":{"start":{"line":10,"column":0},"end":{"line":19,"column":3}},"5":{"start":{"line":11,"column":2},"end":{"line":18,"column":3}},"6":{"start":{"line":12,"column":17},"end":{"line":12,"column":73}},"7":{"start":{"line":13,"column":4},"end":{"line":13,"column":72}},"8":{"start":{"line":13,"column":15},"end":{"line":13,"column":72}},"9":{"start":{"line":15,"column":4},"end":{"line":15,"column":29}},"10":{"start":{"line":17,"column":4},"end":{"line":17,"column":49}},"11":{"start":{"line":25,"column":0},"end":{"line":42,"column":3}},"12":{"start":{"line":26,"column":2},"end":{"line":41,"column":3}},"13":{"start":{"line":27,"column":17},"end":{"line":27,"column":51}},"14":{"start":{"line":28,"column":23},"end":{"line":28,"column":44}},"15":{"start":{"line":30,"column":4},"end":{"line":30,"column":72}},"16":{"start":{"line":30,"column":15},"end":{"line":30,"column":72}},"17":{"start":{"line":33,"column":4},"end":{"line":36,"column":5}},"18":{"start":{"line":34,"column":6},"end":{"line":34,"column":38}},"19":{"start":{"line":35,"column":6},"end":{"line":35,"column":24}},"20":{"start":{"line":38,"column":4},"end":{"line":38,"column":82}},"21":{"start":{"line":40,"column":4},"end":{"line":40,"column":49}},"22":{"start":{"line":48,"column":0},"end":{"line":53,"column":3}},"23":{"start":{"line":49,"column":2},"end":{"line":51,"column":3}},"24":{"start":{"line":50,"column":4},"end":{"line":50,"column":30}},"25":{"start":{"line":52,"column":2},"end":{"line":52,"column":55}},"26":{"start":{"line":59,"column":0},"end":{"line":66,"column":3}},"27":{"start":{"line":60,"column":2},"end":{"line":65,"column":3}},"28":{"start":{"line":61,"column":18},"end":{"line":61,"column":35}},"29":{"start":{"line":62,"column":4},"end":{"line":62,"column":20}},"30":{"start":{"line":64,"column":4},"end":{"line":64,"column":49}},"31":{"start":{"line":72,"column":0},"end":{"line":80,"column":3}},"32":{"start":{"line":73,"column":2},"end":{"line":79,"column":3}},"33":{"start":{"line":74,"column":17},"end":{"line":74,"column":51}},"34":{"start":{"line":75,"column":4},"end":{"line":75,"column":72}},"35":{"start":{"line":75,"column":15},"end":{"line":75,"column":72}},"36":{"start":{"line":76,"column":4},"end":{"line":76,"column":19}},"37":{"start":{"line":78,"column":4},"end":{"line":78,"column":49}},"38":{"start":{"line":86,"column":0},"end":{"line":94,"column":3}},"39":{"start":{"line":87,"column":2},"end":{"line":93,"column":3}},"40":{"start":{"line":88,"column":20},"end":{"line":88,"column":88}},"41":{"start":{"line":89,"column":4},"end":{"line":89,"column":75}},"42":{"start":{"line":89,"column":18},"end":{"line":89,"column":75}},"43":{"start":{"line":90,"column":4},"end":{"line":90,"column":22}},"44":{"start":{"line":92,"column":4},"end":{"line":92,"column":49}},"45":{"start":{"line":100,"column":0},"end":{"line":108,"column":3}},"46":{"start":{"line":101,"column":2},"end":{"line":107,"column":3}},"47":{"start":{"line":102,"column":20},"end":{"line":102,"column":63}},"48":{"start":{"line":103,"column":4},"end":{"line":103,"column":75}},"49":{"start":{"line":103,"column":18},"end":{"line":103,"column":75}},"50":{"start":{"line":104,"column":4},"end":{"line":104,"column":42}},"51":{"start":{"line":106,"column":4},"end":{"line":106,"column":49}},"52":{"start":{"line":110,"column":0},"end":{"line":110,"column":24}}},"fnMap":{"0":{"name":"(anonymous_0)","decl":{"start":{"line":10,"column":29},"end":{"line":10,"column":30}},"loc":{"start":{"line":10,"column":49},"end":{"line":19,"column":1}},"line":10},"1":{"name":"(anonymous_1)","decl":{"start":{"line":25,"column":42},"end":{"line":25,"column":43}},"loc":{"start":{"line":25,"column":62},"end":{"line":42,"column":1}},"line":25},"2":{"name":"(anonymous_2)","decl":{"start":{"line":48,"column":18},"end":{"line":48,"column":19}},"loc":{"start":{"line":48,"column":32},"end":{"line":53,"column":1}},"line":48},"3":{"name":"(anonymous_3)","decl":{"start":{"line":59,"column":16},"end":{"line":59,"column":17}},"loc":{"start":{"line":59,"column":36},"end":{"line":66,"column":1}},"line":59},"4":{"name":"(anonymous_4)","decl":{"start":{"line":72,"column":19},"end":{"line":72,"column":20}},"loc":{"start":{"line":72,"column":39},"end":{"line":80,"column":1}},"line":72},"5":{"name":"(anonymous_5)","decl":{"start":{"line":86,"column":19},"end":{"line":86,"column":20}},"loc":{"start":{"line":86,"column":39},"end":{"line":94,"column":1}},"line":86},"6":{"name":"(anonymous_6)","decl":{"start":{"line":100,"column":22},"end":{"line":100,"column":23}},"loc":{"start":{"line":100,"column":42},"end":{"line":108,"column":1}},"line":100}},"branchMap":{"0":{"loc":{"start":{"line":13,"column":4},"end":{"line":13,"column":72}},"type":"if","locations":[{"start":{"line":13,"column":4},"end":{"line":13,"column":72}},{"start":{},"end":{}}],"line":13},"1":{"loc":{"start":{"line":30,"column":4},"end":{"line":30,"column":72}},"type":"if","locations":[{"start":{"line":30,"column":4},"end":{"line":30,"column":72}},{"start":{},"end":{}}],"line":30},"2":{"loc":{"start":{"line":33,"column":4},"end":{"line":36,"column":5}},"type":"if","locations":[{"start":{"line":33,"column":4},"end":{"line":36,"column":5}},{"start":{},"end":{}}],"line":33},"3":{"loc":{"start":{"line":49,"column":2},"end":{"line":51,"column":3}},"type":"if","locations":[{"start":{"line":49,"column":2},"end":{"line":51,"column":3}},{"start":{},"end":{}}],"line":49},"4":{"loc":{"start":{"line":75,"column":4},"end":{"line":75,"column":72}},"type":"if","locations":[{"start":{"line":75,"column":4},"end":{"line":75,"column":72}},{"start":{},"end":{}}],"line":75},"5":{"loc":{"start":{"line":89,"column":4},"end":{"line":89,"column":75}},"type":"if","locations":[{"start":{"line":89,"column":4},"end":{"line":89,"column":75}},{"start":{},"end":{}}],"line":89},"6":{"loc":{"start":{"line":103,"column":4},"end":{"line":103,"column":75}},"type":"if","locations":[{"start":{"line":103,"column":4},"end":{"line":103,"column":75}},{"start":{},"end":{}}],"line":103}},"s":{"0":2,"1":2,"2":2,"3":2,"4":2,"5":1,"6":1,"7":1,"8":0,"9":1,"10":0,"11":2,"12":1,"13":1,"14":1,"15":1,"16":0,"17":1,"18":1,"19":1,"20":1,"21":0,"22":2,"23":0,"24":0,"25":0,"26":2,"27":0,"28":0,"29":0,"30":0,"31":2,"32":0,"33":0,"34":0,"35":0,"36":0,"37":0,"38":2,"39":0,"40":0,"41":0,"42":0,"43":0,"44":0,"45":2,"46":0,"47":0,"48":0,"49":0,"50":0,"51":0,"52":2},"f":{"0":1,"1":1,"2":0,"3":0,"4":0,"5":0,"6":0},"b":{"0":[0,1],"1":[0,1],"2":[1,0],"3":[0,0],"4":[0,0],"5":[0,0],"6":[0,0]},"_coverageSchema":"1a1c01bbd47fc00a2c39e90264f33305004495a9","hash":"13d5b56df73527f11ca062ba4bee37b2fb2ae635"}
}
