{"C:\\Users\\abass\\.vscode\\CSE416\\CodingtonProject\\server\\app.js": {"path":"C:\\Users\\abass\\.vscode\\CSE416\\CodingtonProject\\server\\app.js","statementMap":{"0":{"start":{"line":1,"column":16},"end":{"line":1,"column":34}},"1":{"start":{"line":2,"column":16},"end":{"line":2,"column":42}},"2":{"start":{"line":3,"column":17},"end":{"line":3,"column":36}},"3":{"start":{"line":4,"column":13},"end":{"line":4,"column":28}},"4":{"start":{"line":5,"column":0},"end":{"line":5,"column":27}},"5":{"start":{"line":6,"column":0},"end":{"line":6,"column":18}},"6":{"start":{"line":8,"column":12},"end":{"line":8,"column":21}},"7":{"start":{"line":10,"column":0},"end":{"line":10,"column":70}},"8":{"start":{"line":11,"column":0},"end":{"line":11,"column":115}},"9":{"start":{"line":12,"column":0},"end":{"line":12,"column":31}},"10":{"start":{"line":13,"column":0},"end":{"line":13,"column":28}},"11":{"start":{"line":16,"column":0},"end":{"line":16,"column":90}},"12":{"start":{"line":17,"column":0},"end":{"line":19,"column":3}},"13":{"start":{"line":18,"column":2},"end":{"line":18,"column":40}},"14":{"start":{"line":20,"column":0},"end":{"line":22,"column":3}},"15":{"start":{"line":21,"column":2},"end":{"line":21,"column":29}},"16":{"start":{"line":23,"column":0},"end":{"line":25,"column":3}},"17":{"start":{"line":24,"column":2},"end":{"line":24,"column":58}},"18":{"start":{"line":24,"column":19},"end":{"line":24,"column":56}},"19":{"start":{"line":28,"column":11},"end":{"line":28,"column":24}},"20":{"start":{"line":29,"column":13},"end":{"line":29,"column":28}},"21":{"start":{"line":31,"column":0},"end":{"line":39,"column":3}},"22":{"start":{"line":32,"column":15},"end":{"line":32,"column":69}},"23":{"start":{"line":33,"column":2},"end":{"line":38,"column":3}},"24":{"start":{"line":34,"column":17},"end":{"line":34,"column":46}},"25":{"start":{"line":35,"column":4},"end":{"line":35,"column":31}},"26":{"start":{"line":37,"column":4},"end":{"line":37,"column":50}},"27":{"start":{"line":41,"column":0},"end":{"line":49,"column":3}},"28":{"start":{"line":42,"column":15},"end":{"line":42,"column":68}},"29":{"start":{"line":43,"column":2},"end":{"line":48,"column":3}},"30":{"start":{"line":44,"column":17},"end":{"line":44,"column":46}},"31":{"start":{"line":45,"column":4},"end":{"line":45,"column":31}},"32":{"start":{"line":47,"column":4},"end":{"line":47,"column":50}},"33":{"start":{"line":51,"column":0},"end":{"line":59,"column":3}},"34":{"start":{"line":52,"column":15},"end":{"line":52,"column":62}},"35":{"start":{"line":53,"column":2},"end":{"line":58,"column":3}},"36":{"start":{"line":54,"column":17},"end":{"line":54,"column":46}},"37":{"start":{"line":55,"column":4},"end":{"line":55,"column":31}},"38":{"start":{"line":57,"column":4},"end":{"line":57,"column":50}},"39":{"start":{"line":61,"column":0},"end":{"line":61,"column":21}}},"fnMap":{"0":{"name":"(anonymous_0)","decl":{"start":{"line":17,"column":92},"end":{"line":17,"column":93}},"loc":{"start":{"line":17,"column":106},"end":{"line":19,"column":1}},"line":17},"1":{"name":"(anonymous_1)","decl":{"start":{"line":20,"column":22},"end":{"line":20,"column":23}},"loc":{"start":{"line":20,"column":36},"end":{"line":22,"column":1}},"line":20},"2":{"name":"(anonymous_2)","decl":{"start":{"line":23,"column":24},"end":{"line":23,"column":25}},"loc":{"start":{"line":23,"column":38},"end":{"line":25,"column":1}},"line":23},"3":{"name":"(anonymous_3)","decl":{"start":{"line":24,"column":13},"end":{"line":24,"column":14}},"loc":{"start":{"line":24,"column":19},"end":{"line":24,"column":56}},"line":24},"4":{"name":"(anonymous_4)","decl":{"start":{"line":31,"column":28},"end":{"line":31,"column":29}},"loc":{"start":{"line":31,"column":42},"end":{"line":39,"column":1}},"line":31},"5":{"name":"(anonymous_5)","decl":{"start":{"line":41,"column":31},"end":{"line":41,"column":32}},"loc":{"start":{"line":41,"column":45},"end":{"line":49,"column":1}},"line":41},"6":{"name":"(anonymous_6)","decl":{"start":{"line":51,"column":34},"end":{"line":51,"column":35}},"loc":{"start":{"line":51,"column":48},"end":{"line":59,"column":1}},"line":51}},"branchMap":{"0":{"loc":{"start":{"line":11,"column":26},"end":{"line":11,"column":69}},"type":"binary-expr","locations":[{"start":{"line":11,"column":26},"end":{"line":11,"column":52}},{"start":{"line":11,"column":56},"end":{"line":11,"column":69}}],"line":11},"1":{"loc":{"start":{"line":21,"column":11},"end":{"line":21,"column":27}},"type":"binary-expr","locations":[{"start":{"line":21,"column":11},"end":{"line":21,"column":19}},{"start":{"line":21,"column":23},"end":{"line":21,"column":27}}],"line":21}},"s":{"0":1,"1":1,"2":1,"3":1,"4":1,"5":1,"6":1,"7":1,"8":1,"9":1,"10":1,"11":1,"12":1,"13":0,"14":1,"15":1,"16":1,"17":1,"18":1,"19":1,"20":1,"21":1,"22":1,"23":1,"24":1,"25":1,"26":0,"27":1,"28":1,"29":1,"30":1,"31":1,"32":0,"33":1,"34":1,"35":1,"36":1,"37":1,"38":0,"39":1},"f":{"0":0,"1":1,"2":1,"3":1,"4":1,"5":1,"6":1},"b":{"0":[1,0],"1":[1,1]},"_coverageSchema":"1a1c01bbd47fc00a2c39e90264f33305004495a9","hash":"1c48c08169d28b91ec858195b42326bf52d907d0"}
,"C:\\Users\\abass\\.vscode\\CSE416\\CodingtonProject\\server\\auth.js": {"path":"C:\\Users\\abass\\.vscode\\CSE416\\CodingtonProject\\server\\auth.js","statementMap":{"0":{"start":{"line":1,"column":17},"end":{"line":1,"column":36}},"1":{"start":{"line":2,"column":23},"end":{"line":2,"column":66}},"2":{"start":{"line":4,"column":0},"end":{"line":11,"column":4}},"3":{"start":{"line":10,"column":2},"end":{"line":10,"column":22}},"4":{"start":{"line":13,"column":0},"end":{"line":15,"column":3}},"5":{"start":{"line":14,"column":2},"end":{"line":14,"column":19}},"6":{"start":{"line":17,"column":0},"end":{"line":19,"column":3}},"7":{"start":{"line":18,"column":2},"end":{"line":18,"column":18}}},"fnMap":{"0":{"name":"(anonymous_0)","decl":{"start":{"line":8,"column":3},"end":{"line":8,"column":4}},"loc":{"start":{"line":8,"column":49},"end":{"line":11,"column":1}},"line":8},"1":{"name":"(anonymous_1)","decl":{"start":{"line":13,"column":23},"end":{"line":13,"column":24}},"loc":{"start":{"line":13,"column":39},"end":{"line":15,"column":1}},"line":13},"2":{"name":"(anonymous_2)","decl":{"start":{"line":17,"column":25},"end":{"line":17,"column":26}},"loc":{"start":{"line":17,"column":40},"end":{"line":19,"column":1}},"line":17}},"branchMap":{},"s":{"0":1,"1":1,"2":1,"3":0,"4":1,"5":0,"6":1,"7":0},"f":{"0":0,"1":0,"2":0},"b":{},"_coverageSchema":"1a1c01bbd47fc00a2c39e90264f33305004495a9","hash":"0b015538286251989b75b7e9d02e0a807fcd9fa2"}
}
