TN:
SF:app.js
FN:29,(anonymous_0)
FN:32,(anonymous_1)
FN:35,(anonymous_2)
FN:36,(anonymous_3)
FN:49,(anonymous_4)
FN:71,(anonymous_5)
FN:81,(anonymous_6)
FN:91,(anonymous_7)
FNF:8
FNH:6
FNDA:0,(anonymous_0)
FNDA:1,(anonymous_1)
FNDA:1,(anonymous_2)
FNDA:1,(anonymous_3)
FNDA:0,(anonymous_4)
FNDA:1,(anonymous_5)
FNDA:1,(anonymous_6)
FNDA:1,(anonymous_7)
DA:1,2
DA:2,2
DA:3,2
DA:4,2
DA:6,2
DA:7,2
DA:10,2
DA:11,2
DA:12,2
DA:13,2
DA:14,2
DA:15,2
DA:18,2
DA:20,2
DA:21,2
DA:22,2
DA:23,2
DA:24,2
DA:25,2
DA:28,2
DA:29,2
DA:30,0
DA:32,2
DA:33,1
DA:35,2
DA:36,1
DA:40,2
DA:41,2
DA:43,2
DA:44,2
DA:47,2
DA:49,2
DA:50,0
DA:51,0
DA:53,0
DA:54,0
DA:55,0
DA:58,0
DA:59,0
DA:61,0
DA:63,0
DA:64,0
DA:66,0
DA:71,2
DA:72,1
DA:73,1
DA:74,1
DA:75,1
DA:77,0
DA:81,2
DA:82,1
DA:83,1
DA:84,1
DA:85,1
DA:87,0
DA:91,2
DA:92,1
DA:93,1
DA:94,1
DA:95,1
DA:97,0
DA:102,2
DA:103,2
DA:105,2
DA:106,2
DA:109,2
LF:66
LH:51
BRDA:21,0,0,2
BRDA:21,0,1,0
BRDA:33,1,0,1
BRDA:33,1,1,1
BRF:4
BRH:3
end_of_record
TN:
SF:auth.js
FN:10,(anonymous_0)
FN:36,(anonymous_1)
FN:41,(anonymous_2)
FNF:3
FNH:0
FNDA:0,(anonymous_0)
FNDA:0,(anonymous_1)
FNDA:0,(anonymous_2)
DA:1,2
DA:2,2
DA:3,2
DA:5,2
DA:11,0
DA:12,0
DA:15,0
DA:17,0
DA:19,0
DA:29,0
DA:31,0
DA:36,2
DA:37,0
DA:41,2
DA:42,0
DA:43,0
DA:44,0
DA:46,0
LF:18
LH:6
BRDA:17,0,0,0
BRDA:17,0,1,0
BRF:2
BRH:0
end_of_record
TN:
SF:models\event.js
FN:13,(anonymous_0)
FNF:1
FNH:0
FNDA:0,(anonymous_0)
DA:1,2
DA:4,2
DA:13,2
DA:14,0
DA:17,2
LF:5
LH:4
BRF:0
BRH:0
end_of_record
TN:
SF:models\expense.js
FN:14,(anonymous_0)
FNF:1
FNH:0
FNDA:0,(anonymous_0)
DA:1,2
DA:2,2
DA:7,2
DA:14,2
DA:15,0
DA:19,2
LF:6
LH:5
BRF:0
BRH:0
end_of_record
TN:
SF:models\investment.js
FNF:0
FNH:0
DA:1,2
DA:2,2
DA:5,2
DA:12,2
LF:4
LH:4
BRF:0
BRH:0
end_of_record
TN:
SF:models\investmentType.js
FNF:0
FNH:0
DA:1,2
DA:4,2
DA:13,2
LF:3
LH:3
BRF:0
BRH:0
end_of_record
TN:
SF:models\scenario.js
FNF:0
FNH:0
DA:1,2
DA:5,2
DA:29,2
LF:3
LH:3
BRF:0
BRH:0
end_of_record
TN:
SF:models\user.js
FNF:0
FNH:0
DA:1,2
DA:3,2
DA:30,2
LF:3
LH:3
BRF:0
BRH:0
end_of_record
TN:
SF:routes\scenario.js
FN:31,(anonymous_0)
FN:45,(anonymous_1)
FN:67,(anonymous_2)
FN:81,(anonymous_3)
FN:95,(anonymous_4)
FNF:5
FNH:4
FNDA:1,(anonymous_0)
FNDA:1,(anonymous_1)
FNDA:1,(anonymous_2)
FNDA:1,(anonymous_3)
FNDA:0,(anonymous_4)
DA:1,2
DA:2,2
DA:3,2
DA:4,2
DA:5,2
DA:6,2
DA:7,2
DA:8,2
DA:31,2
DA:32,1
DA:33,1
DA:34,1
DA:35,1
DA:37,0
DA:45,2
DA:46,1
DA:47,1
DA:56,1
DA:57,1
DA:59,0
DA:67,2
DA:68,1
DA:69,1
DA:70,1
DA:71,1
DA:73,0
DA:81,2
DA:82,1
DA:83,1
DA:84,1
DA:85,1
DA:87,0
DA:95,2
DA:96,0
DA:97,0
DA:98,0
DA:100,0
DA:104,2
LF:38
LH:30
BRDA:56,0,0,0
BRDA:56,0,1,1
BRDA:70,1,0,0
BRDA:70,1,1,1
BRDA:84,2,0,0
BRDA:84,2,1,1
BRF:6
BRH:3
end_of_record
TN:
SF:routes\user.js
FN:10,(anonymous_0)
FN:25,(anonymous_1)
FN:48,(anonymous_2)
FN:59,(anonymous_3)
FN:72,(anonymous_4)
FN:86,(anonymous_5)
FN:100,(anonymous_6)
FNF:7
FNH:2
FNDA:1,(anonymous_0)
FNDA:1,(anonymous_1)
FNDA:0,(anonymous_2)
FNDA:0,(anonymous_3)
FNDA:0,(anonymous_4)
FNDA:0,(anonymous_5)
FNDA:0,(anonymous_6)
DA:1,2
DA:2,2
DA:3,2
DA:4,2
DA:10,2
DA:11,1
DA:12,1
DA:13,1
DA:15,1
DA:17,0
DA:25,2
DA:26,1
DA:27,1
DA:28,1
DA:30,1
DA:33,1
DA:34,1
DA:35,1
DA:38,1
DA:40,0
DA:48,2
DA:49,0
DA:50,0
DA:52,0
DA:59,2
DA:60,0
DA:61,0
DA:62,0
DA:64,0
DA:72,2
DA:73,0
DA:74,0
DA:75,0
DA:76,0
DA:78,0
DA:86,2
DA:87,0
DA:88,0
DA:89,0
DA:90,0
DA:92,0
DA:100,2
DA:101,0
DA:102,0
DA:103,0
DA:104,0
DA:106,0
DA:110,2
LF:48
LH:24
BRDA:13,0,0,0
BRDA:13,0,1,1
BRDA:30,1,0,0
BRDA:30,1,1,1
BRDA:33,2,0,1
BRDA:33,2,1,0
BRDA:49,3,0,0
BRDA:49,3,1,0
BRDA:75,4,0,0
BRDA:75,4,1,0
BRDA:89,5,0,0
BRDA:89,5,1,0
BRDA:103,6,0,0
BRDA:103,6,1,0
BRF:14
BRH:3
end_of_record
